<?xml version="1.0" encoding="UTF-8"?>
<testng-results ignored="0" total="1" passed="1" failed="0" skipped="0">
  <reporter-output>
  </reporter-output>
  <suite started-at="2023-12-01T22:03:27 GMT-08:00" name="Default suite" finished-at="2023-12-01T22:03:57 GMT-08:00" duration-ms="30356">
    <groups>
    </groups>
    <test started-at="2023-12-01T22:03:27 GMT-08:00" name="Default test" finished-at="2023-12-01T22:03:57 GMT-08:00" duration-ms="30356">
      <class name="shopperstack_testcases.TC_02_ChooseItem_Kids">
        <test-method is-config="true" signature="dbopen()[pri:0, instance:shopperstack_testcases.TC_02_ChooseItem_Kids@7db12bb6]" started-at="2023-12-01T22:03:27 GMT-08:00" name="dbopen" finished-at="2023-12-01T22:03:27 GMT-08:00" duration-ms="9" status="PASS">
          <reporter-output>
          </reporter-output>
        </test-method> <!-- dbopen -->
        <test-method is-config="true" signature="test1()[pri:0, instance:shopperstack_testcases.TC_02_ChooseItem_Kids@7db12bb6]" started-at="2023-12-01T22:03:27 GMT-08:00" name="test1" finished-at="2023-12-01T22:03:27 GMT-08:00" duration-ms="2" status="PASS">
          <reporter-output>
          </reporter-output>
        </test-method> <!-- test1 -->
        <test-method is-config="true" signature="launchBrowser()[pri:0, instance:shopperstack_testcases.TC_02_ChooseItem_Kids@7db12bb6]" started-at="2023-12-01T22:03:27 GMT-08:00" name="launchBrowser" finished-at="2023-12-01T22:03:29 GMT-08:00" duration-ms="2920" status="PASS">
          <reporter-output>
          </reporter-output>
        </test-method> <!-- launchBrowser -->
        <test-method is-config="true" signature="login()[pri:0, instance:shopperstack_testcases.TC_02_ChooseItem_Kids@7db12bb6]" started-at="2023-12-01T22:03:29 GMT-08:00" name="login" finished-at="2023-12-01T22:03:53 GMT-08:00" duration-ms="23828" status="PASS">
          <reporter-output>
          </reporter-output>
        </test-method> <!-- login -->
        <test-method signature="chooseItemKids()[pri:0, instance:shopperstack_testcases.TC_02_ChooseItem_Kids@7db12bb6]" started-at="2023-12-01T22:03:53 GMT-08:00" name="chooseItemKids" finished-at="2023-12-01T22:03:56 GMT-08:00" duration-ms="2743" status="PASS">
          <reporter-output>
          </reporter-output>
        </test-method> <!-- chooseItemKids -->
        <test-method is-config="true" signature="logout()[pri:0, instance:shopperstack_testcases.TC_02_ChooseItem_Kids@7db12bb6]" started-at="2023-12-01T22:03:56 GMT-08:00" name="logout" finished-at="2023-12-01T22:03:56 GMT-08:00" duration-ms="0" status="PASS">
          <reporter-output>
          </reporter-output>
        </test-method> <!-- logout -->
        <test-method is-config="true" signature="quitBrowser()[pri:0, instance:shopperstack_testcases.TC_02_ChooseItem_Kids@7db12bb6]" started-at="2023-12-01T22:03:56 GMT-08:00" name="quitBrowser" finished-at="2023-12-01T22:03:57 GMT-08:00" duration-ms="799" status="PASS">
          <reporter-output>
          </reporter-output>
        </test-method> <!-- quitBrowser -->
        <test-method is-config="true" signature="test2()[pri:0, instance:shopperstack_testcases.TC_02_ChooseItem_Kids@7db12bb6]" started-at="2023-12-01T22:03:57 GMT-08:00" name="test2" finished-at="2023-12-01T22:03:57 GMT-08:00" duration-ms="0" status="PASS">
          <reporter-output>
          </reporter-output>
        </test-method> <!-- test2 -->
        <test-method is-config="true" signature="dbClose()[pri:0, instance:shopperstack_testcases.TC_02_ChooseItem_Kids@7db12bb6]" started-at="2023-12-01T22:03:57 GMT-08:00" name="dbClose" finished-at="2023-12-01T22:03:57 GMT-08:00" duration-ms="0" status="PASS">
          <reporter-output>
          </reporter-output>
        </test-method> <!-- dbClose -->
      </class> <!-- shopperstack_testcases.TC_02_ChooseItem_Kids -->
    </test> <!-- Default test -->
  </suite> <!-- Default suite -->
</testng-results>
